{"level":"error","msg":"error get user data:EOF","time":"2024-05-05T12:48:22+03:00"}
{"level":"info","msg":"server shutting down","time":"2024-05-05T12:53:43+03:00"}
{"level":"fatal","msg":"error run server: http: Server closed","time":"2024-05-05T12:53:43+03:00"}
{"level":"error","msg":"error get user data:EOF","time":"2024-05-05T12:53:52+03:00"}
{"level":"error","msg":"error get user data:EOF","time":"2024-05-05T12:55:47+03:00"}
{"level":"error","msg":"error get user data:EOF","time":"2024-05-05T12:55:56+03:00"}
{"level":"info","msg":"server shutting down","time":"2024-05-05T12:56:50+03:00"}
{"level":"fatal","msg":"error run server: http: Server closed","time":"2024-05-05T12:56:50+03:00"}
{"level":"error","msg":"error get user data:EOF","time":"2024-05-05T12:56:57+03:00"}
{"level":"info","msg":"server shutting down","time":"2024-05-05T13:05:17+03:00"}
{"level":"fatal","msg":"error run server: http: Server closed","time":"2024-05-05T13:05:17+03:00"}
time="2024-05-05 13:05:24" level=error msg="error get user data:EOF"
time="2024-05-05 13:05:38" level=error msg="error get user data:EOF"
time="2024-05-05 13:05:48" level=info msg="server shutting down"
time="2024-05-05 13:05:48" level=fatal msg="error run server: http: Server closed"
time="2024-05-05 13:46:58" level=error msg="error get user data:EOF"
time="2024-05-05 13:47:15" level=info msg="server shutting down"
time="2024-05-05 13:47:15" level=fatal msg="error run server: http: Server closed"
2024/05/05 14:08:07 error get user data:EOF
2024/05/05 14:08:09 error get user data:EOF
2024/05/05 14:08:26 server shutting down
2024/05/05 14:08:26 error run server: http: Server closed
2024/05/05 14:10:01 expense_handlers.go:34: error get user data:EOF
2024/05/05 14:11:44 main.go:89: server shutting down
2024/05/05 14:11:44 main.go:85: error run server: http: Server closed
2024/05/05 14:11:50 expense_handlers.go:34: error get user data:EOF
2024/05/05 14:19:36 expense_handlers.go:42: error get type expense:unable to connect to database: ERROR: relation "expense_type" does not exist (SQLSTATE 42P01)
2024/05/05 14:21:39 main.go:89: server shutting down
2024/05/05 14:21:39 main.go:85: error run server: http: Server closed
2024/05/05 14:24:16 expense_handlers.go:42: error get type expense:unable to connect to database: ERROR: relation "expense_type" does not exist (SQLSTATE 42P01)
2024/05/05 14:24:17 expense_handlers.go:42: error get type expense:unable to connect to database: ERROR: relation "expense_type" does not exist (SQLSTATE 42P01)
2024/05/05 14:24:18 expense_handlers.go:42: error get type expense:unable to connect to database: ERROR: relation "expense_type" does not exist (SQLSTATE 42P01)
2024/05/05 14:31:34 main.go:85: error run server: listen tcp :8080: bind: address already in use
2024/05/05 14:31:50 main.go:85: error run server: listen tcp :8080: bind: address already in use
2024/05/05 14:34:27 expense_handlers.go:42: error get type expense:unable to connect to database: ERROR: relation "expense_type" does not exist (SQLSTATE 42P01)
2024/05/05 14:40:33 main.go:89: server shutting down
2024/05/05 14:40:33 main.go:85: error run server: http: Server closed
2024/05/05 14:40:48 expense_handlers.go:44: error get type expense:unable to connect to database: ERROR: relation "expense_type" does not exist (SQLSTATE 42P01)
2024/05/05 14:41:56 main.go:89: server shutting down
2024/05/05 14:41:56 main.go:85: error run server: http: Server closed
2024/05/05 14:42:03 expense_handlers.go:44: error get type expense:unable to connect to database: ERROR: relation "expense_type" does not exist (SQLSTATE 42P01)
2024/05/05 14:45:43 main.go:89: server shutting down
2024/05/05 14:45:43 main.go:85: error run server: http: Server closed
2024/05/05 14:45:52 repository.go:56: SELECT e.title, e.id from expense_type e where e.users_id=$1
2024/05/05 14:45:52 expense_handlers.go:44: error get type expense:unable to connect to database: ERROR: relation "expense_type" does not exist (SQLSTATE 42P01)
2024/05/05 14:46:21 main.go:89: server shutting down
2024/05/05 14:46:21 main.go:85: error run server: http: Server closed
2024/05/05 14:46:47 repository.go:56: SELECT e.title, e.id from expense_type e where e.users_id=$1 1
2024/05/05 14:46:47 expense_handlers.go:44: error get type expense:unable to connect to database: ERROR: relation "expense_type" does not exist (SQLSTATE 42P01)
2024/05/05 14:49:24 main.go:89: server shutting down
2024/05/05 14:49:24 main.go:85: error run server: http: Server closed
2024/05/05 14:49:33 repository.go:56: SELECT e.title, e.id from expense_type e where e.users_id=$1 1
2024/05/05 14:51:29 main.go:89: server shutting down
2024/05/05 14:51:29 main.go:85: error run server: http: Server closed
2024/05/05 14:53:04 main.go:89: server shutting down
2024/05/05 14:53:04 main.go:85: error run server: http: Server closed
2024/05/05 14:56:14 expense_handlers.go:36: error get user data:EOF
2024/05/05 15:00:00 expense_handlers.go:64: error validate id expense:incorrect id
2024/05/05 15:02:03 expense_handlers.go:64: error validate id expense:incorrect id
2024/05/05 15:02:12 expense_handlers.go:64: error validate id expense:incorrect id
2024/05/05 15:02:21 expense_handlers.go:64: error validate id expense:incorrect id
2024/05/05 15:02:39 main.go:89: server shutting down
2024/05/05 15:02:39 main.go:85: error run server: http: Server closed
2024/05/05 15:02:45 expense_handlers.go:62: error validate id expense:incorrect id
2024/05/05 15:06:47 main.go:89: server shutting down
2024/05/05 15:06:47 main.go:85: error run server: http: Server closed
2024/05/05 15:06:52 expense_handlers.go:62: error validate id expense:incorrect id
2024/05/05 15:07:07 expense_handlers.go:62: error validate id expense:incorrect id
2024/05/05 15:07:37 expense_handlers.go:62: error validate id expense:incorrect id
2024/05/05 15:08:55 main.go:89: server shutting down
2024/05/05 15:08:55 main.go:85: error run server: http: Server closed
2024/05/05 15:09:03 expense_handlers.go:63: error validate id expense:incorrect id
2024/05/05 15:10:52 main.go:89: server shutting down
2024/05/05 15:10:52 main.go:85: error run server: http: Server closed
2024/05/05 15:11:05 expense_handlers.go:63: error validate id expense:incorrect id
2024/05/05 15:12:17 main.go:89: server shutting down
2024/05/05 15:12:17 main.go:85: error run server: http: Server closed
2024/05/05 15:13:31 expense_handlers.go:92: incorrect file name:http: no such file
2024/05/05 15:16:57 main.go:89: server shutting down
2024/05/05 15:16:57 main.go:85: error run server: http: Server closed
2024/05/05 15:17:03 expense_handlers.go:92: incorrect file name:http: no such file
2024/05/05 15:18:00 main.go:89: server shutting down
2024/05/05 15:18:00 main.go:85: error run server: http: Server closed
2024/05/05 15:18:07 expense_handlers.go:92: incorrect file name:http: no such file
2024/05/05 15:19:27 expense_handlers.go:92: incorrect file name:http: no such file
2024/05/05 15:20:00 main.go:89: server shutting down
2024/05/05 15:20:00 main.go:85: error run server: http: Server closed
2024/05/05 15:20:35 expense_handlers.go:92: incorrect file name:http: no such file
2024/05/05 15:25:40 main.go:89: server shutting down
2024/05/05 15:25:40 main.go:85: error run server: http: Server closed
2024/05/05 15:25:49 expense_handlers.go:92: incorrect file name:http: no such file
2024/05/05 15:28:23 expense_handlers.go:92: incorrect file name:http: no such file
2024/05/05 15:30:18 main.go:89: server shutting down
2024/05/05 15:30:18 main.go:85: error run server: http: Server closed
2024/05/05 15:30:24 expense_handlers.go:93: incorrect file name:http: no such file
2024/05/05 15:30:32 expense_handlers.go:93: incorrect file name:http: no such file
2024/05/05 15:30:33 expense_handlers.go:93: incorrect file name:http: no such file
2024/05/05 15:31:01 main.go:89: server shutting down
2024/05/05 15:31:01 main.go:85: error run server: http: Server closed
2024/05/05 15:31:07 expense_handlers.go:93: incorrect file name:http: no such file
2024/05/05 15:33:02 server.go:3413: http: panic serving [::1]:46388: runtime error: invalid memory address or nil pointer dereference
goroutine 25 [running]:
net/http.(*conn).serve.func1()
	/snap/go/10585/src/net/http/server.go:1898 +0xbe
panic({0x9b9800?, 0xf781e0?})
	/snap/go/10585/src/runtime/panic.go:770 +0x132
expenses/server.(*Server).UploadFile(0xc000198700, 0xc000238000)
	/home/denis/projects/expenses/server/expense_handlers.go:70 +0x112
github.com/gin-gonic/gin.(*Context).Next(...)
	/home/denis/go/pkg/mod/github.com/gin-gonic/gin@v1.9.1/context.go:174
github.com/gin-gonic/gin.(*Engine).handleHTTPRequest(0xc0001421a0, 0xc000238000)
	/home/denis/go/pkg/mod/github.com/gin-gonic/gin@v1.9.1/gin.go:620 +0x66e
github.com/gin-gonic/gin.(*Engine).ServeHTTP(0xc0001421a0, {0xb6db78, 0xc0001fe700}, 0xc000524120)
	/home/denis/go/pkg/mod/github.com/gin-gonic/gin@v1.9.1/gin.go:576 +0x1b2
net/http.serverHandler.ServeHTTP({0xb6b7c8?}, {0xb6db78?, 0xc0001fe700?}, 0x6?)
	/snap/go/10585/src/net/http/server.go:3137 +0x8e
net/http.(*conn).serve(0xc00016e2d0, {0xb6efd8, 0xc000195950})
	/snap/go/10585/src/net/http/server.go:2039 +0x5e8
created by net/http.(*Server).Serve in goroutine 22
	/snap/go/10585/src/net/http/server.go:3285 +0x4b4
2024/05/05 15:33:22 server.go:3413: http: panic serving [::1]:54370: runtime error: invalid memory address or nil pointer dereference
goroutine 46 [running]:
net/http.(*conn).serve.func1()
	/snap/go/10585/src/net/http/server.go:1898 +0xbe
panic({0x9b9800?, 0xf781e0?})
	/snap/go/10585/src/runtime/panic.go:770 +0x132
expenses/server.(*Server).UploadFile(0xc000198700, 0xc00012c300)
	/home/denis/projects/expenses/server/expense_handlers.go:70 +0x112
github.com/gin-gonic/gin.(*Context).Next(...)
	/home/denis/go/pkg/mod/github.com/gin-gonic/gin@v1.9.1/context.go:174
github.com/gin-gonic/gin.(*Engine).handleHTTPRequest(0xc0001421a0, 0xc00012c300)
	/home/denis/go/pkg/mod/github.com/gin-gonic/gin@v1.9.1/gin.go:620 +0x66e
github.com/gin-gonic/gin.(*Engine).ServeHTTP(0xc0001421a0, {0xb6db78, 0xc0005101c0}, 0xc000154d80)
	/home/denis/go/pkg/mod/github.com/gin-gonic/gin@v1.9.1/gin.go:576 +0x1b2
net/http.serverHandler.ServeHTTP({0xb6b7c8?}, {0xb6db78?, 0xc0005101c0?}, 0x6?)
	/snap/go/10585/src/net/http/server.go:3137 +0x8e
net/http.(*conn).serve(0xc0001f6240, {0xb6efd8, 0xc000195950})
	/snap/go/10585/src/net/http/server.go:2039 +0x5e8
created by net/http.(*Server).Serve in goroutine 22
	/snap/go/10585/src/net/http/server.go:3285 +0x4b4
2024/05/05 15:36:00 expense_handlers.go:162: incorrect file name:
2024/05/05 15:36:45 expense_handlers.go:162: incorrect file name:
2024/05/05 15:38:20 main.go:89: server shutting down
2024/05/05 15:38:20 main.go:85: error run server: http: Server closed
2024/05/05 15:38:28 expense_handlers.go:161: incorrect file name:
2024/05/05 15:38:36 expense_handlers.go:161: incorrect file name:
2024/05/05 15:39:03 expense_handlers.go:161: incorrect file name:
2024/05/05 15:39:15 expense_handlers.go:161: incorrect file name:
2024/05/05 15:40:46 expense_handlers.go:161: incorrect file name:
2024/05/05 15:42:26 expense_handlers.go:161: incorrect file name:
2024/05/05 15:42:38 expense_handlers.go:161: incorrect file name:
2024/05/05 15:43:04 expense_handlers.go:161: incorrect file name:
2024/05/05 15:43:10 expense_handlers.go:161: incorrect file name:
2024/05/05 15:43:18 expense_handlers.go:161: incorrect file name:
2024/05/05 15:44:11 expense_handlers.go:161: incorrect file name:
2024/05/05 15:44:14 main.go:89: server shutting down
2024/05/05 15:44:14 main.go:85: error run server: http: Server closed
2024/05/05 15:45:39 expense_handlers.go:161: incorrect file name:
2024/05/05 15:47:42 main.go:89: server shutting down
2024/05/05 15:47:42 main.go:85: error run server: http: Server closed
2024/05/05 15:47:50 expense_handlers.go:162: incorrect file name:
2024/05/05 15:51:43 main.go:89: server shutting down
2024/05/05 15:51:43 main.go:85: error run server: http: Server closed
2024/05/05 15:51:51 expense_handlers.go:163: incorrect file name:
2024/05/05 15:54:14 main.go:89: server shutting down
2024/05/05 15:54:14 main.go:85: error run server: http: Server closed
2024/05/05 15:55:36 main.go:89: server shutting down
2024/05/05 15:55:36 main.go:85: error run server: http: Server closed
2024/05/05 16:01:11 main.go:89: server shutting down
2024/05/05 16:01:11 main.go:85: error run server: http: Server closed
2024/05/05 18:21:07 auth.go:21: error create user:ERROR: syntax error at or near "value" (SQLSTATE 42601)
2024/05/05 18:21:07 auth.go:21: error create user:ERROR: syntax error at or near "value" (SQLSTATE 42601)
2024/05/05 18:22:56 main.go:89: server shutting down
2024/05/05 18:22:56 main.go:85: error run server: http: Server closed
2024/05/05 18:23:03 auth.go:22: error create user:ERROR: syntax error at or near "value" (SQLSTATE 42601)
2024/05/05 18:23:03 auth.go:21: error create user:ERROR: syntax error at or near "value" (SQLSTATE 42601)
2024/05/05 18:24:59 main.go:89: server shutting down
2024/05/05 18:24:59 main.go:85: error run server: http: Server closed
2024/05/05 18:25:08 auth.go:22: error create user:ERROR: value too long for type character varying(30) (SQLSTATE 22001)
2024/05/05 18:25:08 auth.go:21: error create user:ERROR: value too long for type character varying(30) (SQLSTATE 22001)
2024/05/05 18:28:50 main.go:89: server shutting down
2024/05/05 18:28:50 main.go:85: error run server: http: Server closed
2024/05/05 18:29:01 auth.go:22: error create user:ERROR: value too long for type character varying(30) (SQLSTATE 22001)
2024/05/05 18:29:01 auth.go:21: error create user:ERROR: value too long for type character varying(30) (SQLSTATE 22001)
2024/05/05 18:31:42 main.go:89: server shutting down
2024/05/05 18:31:42 main.go:85: error run server: http: Server closed
2024/05/05 18:31:55 auth.go:22: error create user:ERROR: value too long for type character varying(30) (SQLSTATE 22001)
2024/05/05 18:31:55 auth.go:21: error create user:ERROR: value too long for type character varying(30) (SQLSTATE 22001)
2024/05/05 18:32:50 main.go:89: server shutting down
2024/05/05 18:32:50 main.go:85: error run server: http: Server closed
2024/05/05 18:32:56 auth.go:23: error create user:ERROR: value too long for type character varying(30) (SQLSTATE 22001)
2024/05/05 18:32:56 auth.go:21: error create user:ERROR: value too long for type character varying(30) (SQLSTATE 22001)
2024/05/05 18:37:52 main.go:85: error run server: listen tcp :8081: bind: address already in use
2024/05/05 18:37:58 main.go:85: error run server: listen tcp :8081: bind: address already in use
2024/05/05 18:39:09 auth.go:23: error create user:ERROR: value too long for type character varying(50) (SQLSTATE 22001)
2024/05/05 18:39:09 auth.go:21: error create user:ERROR: value too long for type character varying(50) (SQLSTATE 22001)
2024/05/05 18:45:45 main.go:89: server shutting down
2024/05/05 18:45:45 main.go:85: error run server: http: Server closed
